[2017-09-21 16:36:38,404][ERROR][com.leocool.sgland.Server$IAPRequestHandler] java.lang.NullPointerException
[2017-09-21 16:38:39,950][ERROR][com.leocool.sgland.Server$IAPRequestHandler] java.lang.NullPointerException
[2017-09-21 16:40:10,397][ERROR][com.leocool.sgland.Server$IAPRequestHandler] java.lang.NullPointerException
[2017-09-21 16:41:34,184][ERROR][com.leocool.sgland.Server$IAPRequestHandler] java.lang.NullPointerException
[2017-09-21 16:42:16,689][ERROR][com.leocool.sgland.Server$IAPRequestHandler] java.lang.NullPointerException
[2017-09-21 16:42:17,308][ERROR][com.leocool.sgland.Server$IAPRequestHandler] java.lang.NullPointerException
[2017-09-21 16:48:17,654][ERROR][com.leocool.sgland.Server$IAPRequestHandler] java.lang.NullPointerException
[2017-09-21 16:48:19,473][INFO ][com.leocool.sgland.Pay$LocalPay] [amount=60, orderId=20170921164956LIW8AO, regionId=10001, price=6, purchaseId=759, goodsName=60宝石, userId=66]
[2017-09-21 16:48:23,848][INFO ][com.leocool.sgland.Pay$LocalPay] [amount=60, orderId=20170921164958827HKN, regionId=10001, price=6, purchaseId=760, goodsName=60宝石, userId=66]
[2017-09-21 16:48:26,873][INFO ][com.leocool.sgland.Pay$LocalPay] [amount=60, orderId=20170921165000JHMCGK, regionId=10001, price=6, purchaseId=761, goodsName=60宝石, userId=66]
[2017-09-21 16:49:00,348][INFO ][com.leocool.sgland.Pay$LocalPay] [amount=60, orderId=20170921165100S2Y23P, regionId=10001, price=6, purchaseId=762, goodsName=60宝石, userId=66]
[2017-09-21 16:50:55,722][INFO ][com.leocool.sgland.Pay$LocalPay] [amount=60, orderId=201709211651473OU234, regionId=10001, price=6, purchaseId=763, goodsName=60宝石, userId=66]
[2017-09-21 17:10:26,236][INFO ][com.leocool.sgland.Pay$LocalPay] [amount=60, orderId=201709211712262N735I, regionId=10001, price=6, purchaseId=780, goodsName=60宝石, userId=66]
[2017-09-21 17:10:27,607][INFO ][com.leocool.sgland.Pay$LocalPay] [amount=60, orderId=20170921171227T9W4PC, regionId=10001, price=6, purchaseId=781, goodsName=60宝石, userId=66]
[2017-09-21 17:12:08,114][INFO ][com.leocool.sgland.Pay$LocalPay] [amount=60, orderId=20170921171401O65DHQ, regionId=10001, price=6, purchaseId=782, goodsName=60宝石, userId=66]
[2017-09-21 17:14:52,921][INFO ][com.leocool.sgland.Pay$LocalPay] [amount=60, orderId=20170921171603BXOOWW, regionId=10001, price=6, purchaseId=784, goodsName=60宝石, userId=66]
[2017-09-21 17:16:00,658][INFO ][com.leocool.sgland.Pay$LocalPay] [amount=60, orderId=20170921171747DI74FM, regionId=10001, price=6, purchaseId=786, goodsName=60宝石, userId=66]
[2017-09-21 17:17:53,825][INFO ][com.leocool.sgland.Pay$LocalPay] [amount=60, orderId=20170921171922Y95K3X, regionId=10001, price=6, purchaseId=787, goodsName=60宝石, userId=66]
[2017-09-21 17:26:56,588][INFO ][com.leocool.sgland.Pay$LocalPay] [amount=300, orderId=20170921172856S1MDD5, regionId=10001, price=30, purchaseId=793, goodsName=300宝石, userId=66]
[2017-09-21 17:31:26,353][INFO ][com.leocool.sgland.Pay$LocalPay] [amount=980, orderId=201709211733263ATOER, regionId=10001, price=98, purchaseId=794, goodsName=980宝石, userId=66]
[2017-09-21 17:36:18,316][INFO ][com.leocool.sgland.Pay$LocalPay] [amount=1980, orderId=2017092117381849789C, regionId=10001, price=198, purchaseId=795, goodsName=1980宝石, userId=66]
[2017-09-21 17:37:01,307][INFO ][com.leocool.sgland.Pay$LocalPay] [amount=3280, orderId=20170921173901ZQHV57, regionId=10001, price=328, purchaseId=796, goodsName=3280宝石, userId=66]
[2017-09-21 17:38:20,226][INFO ][com.leocool.sgland.Pay$LocalPay] [amount=6480, orderId=20170921174015KF2L2X, regionId=10001, price=648, purchaseId=797, goodsName=6480宝石, userId=66]
[2017-09-21 17:44:39,742][INFO ][com.leocool.sgland.Pay$LocalPay] [amount=60, orderId=20170921174425QQVGCL, regionId=10001, price=6, purchaseId=798, goodsName=60宝石, userId=65]
[2017-09-21 17:45:40,454][INFO ][com.leocool.sgland.Pay$LocalPay] [amount=300, orderId=201709211747409C6GV4, regionId=10001, price=30, purchaseId=799, goodsName=300宝石, userId=65]
[2017-09-21 17:45:49,420][INFO ][com.leocool.sgland.Pay$LocalPay] [amount=300, orderId=20170921174749UKG8KO, regionId=10001, price=30, purchaseId=800, goodsName=300宝石, userId=65]
[2017-09-21 17:49:05,757][INFO ][com.leocool.sgland.Pay$LocalPay] [amount=980, orderId=20170921175105C4YWI1, regionId=10001, price=98, purchaseId=801, goodsName=980宝石, userId=65]
[2017-09-21 17:56:58,051][INFO ][com.leocool.sgland.Pay$LocalPay] [amount=3960, orderId=20170921175858CPFGCU, regionId=10001, price=198, purchaseId=802, goodsName=3960宝石, userId=65]
[2017-09-21 18:05:41,512][INFO ][com.leocool.sgland.Pay$LocalPay] [amount=60, orderId=201709211807419T1VG8, regionId=10001, price=6, purchaseId=803, goodsName=60宝石, userId=84]
[2017-09-21 18:06:49,799][INFO ][com.leocool.sgland.Pay$LocalPay] [amount=300, orderId=20170921180849QAY8ET, regionId=10001, price=30, purchaseId=804, goodsName=300宝石, userId=84]
[2017-09-21 18:06:57,135][INFO ][com.leocool.sgland.Pay$LocalPay] [amount=980, orderId=20170921180857EV6IUA, regionId=10001, price=98, purchaseId=805, goodsName=980宝石, userId=84]
[2017-09-21 18:08:04,666][INFO ][com.leocool.sgland.Pay$LocalPay] [amount=1980, orderId=20170921181004MTGUEW, regionId=10001, price=198, purchaseId=806, goodsName=1980宝石, userId=84]
[2017-09-21 19:35:49,578][INFO ][com.leocool.sgland.Pay$LocalPay] [amount=60, orderId=201709211937495BMCET, regionId=10001, price=6, purchaseId=810, goodsName=60宝石, userId=204]
[2017-09-21 19:35:57,060][INFO ][com.leocool.sgland.Pay$LocalPay] [amount=300, orderId=20170921193757RS1SZ7, regionId=10001, price=30, purchaseId=811, goodsName=300宝石, userId=204]
[2017-09-21 19:37:50,517][INFO ][com.leocool.sgland.Pay$LocalPay] [amount=980, orderId=20170921193950P6SM8C, regionId=10001, price=98, purchaseId=812, goodsName=980宝石, userId=204]
[2017-09-21 19:38:36,744][INFO ][com.leocool.sgland.Pay$LocalPay] [amount=1980, orderId=201709211940363PXOJQ, regionId=10001, price=198, purchaseId=813, goodsName=1980宝石, userId=204]
[2017-09-21 19:38:41,347][INFO ][com.leocool.sgland.Pay$LocalPay] [amount=3280, orderId=20170921194041TKQIUB, regionId=10001, price=328, purchaseId=814, goodsName=3280宝石, userId=204]
[2017-09-21 19:38:45,646][INFO ][com.leocool.sgland.Pay$LocalPay] [amount=6480, orderId=201709211940456894ED, regionId=10001, price=648, purchaseId=815, goodsName=6480宝石, userId=204]
[2017-09-22 19:14:55,137][INFO ][com.leocool.sgland.Pay$LocalPay] [amount=60, orderId=20170922191454FHNQV3, regionId=10001, price=6, purchaseId=881, goodsName=60宝石, userId=211]
[2017-09-22 19:15:00,737][INFO ][com.leocool.sgland.Pay$LocalPay] [amount=60, orderId=20170922191500YW8IHC, regionId=10001, price=6, purchaseId=882, goodsName=60宝石, userId=211]
[2017-09-22 19:15:12,920][INFO ][com.leocool.sgland.Pay$LocalPay] [amount=300, orderId=20170922191512GXLN1S, regionId=10001, price=30, purchaseId=883, goodsName=300宝石, userId=211]
[2017-09-22 19:15:25,704][INFO ][com.leocool.sgland.Pay$LocalPay] [amount=300, orderId=201709221915258YVJ7Q, regionId=10001, price=30, purchaseId=884, goodsName=300宝石, userId=211]
[2017-09-22 19:15:31,522][INFO ][com.leocool.sgland.Pay$LocalPay] [amount=980, orderId=20170922191531CJSTT8, regionId=10001, price=98, purchaseId=885, goodsName=980宝石, userId=211]
[2017-09-22 19:15:41,267][INFO ][com.leocool.sgland.Pay$LocalPay] [amount=980, orderId=20170922191541VLQMNP, regionId=10001, price=98, purchaseId=886, goodsName=980宝石, userId=211]
[2017-09-22 19:15:42,783][INFO ][com.leocool.sgland.Pay$LocalPay] [amount=1980, orderId=20170922191542FGOGNU, regionId=10001, price=198, purchaseId=887, goodsName=1980宝石, userId=211]
[2017-09-22 19:15:46,107][INFO ][com.leocool.sgland.Pay$LocalPay] [amount=1980, orderId=20170922191545TGSQW2, regionId=10001, price=198, purchaseId=888, goodsName=1980宝石, userId=211]
[2017-09-22 19:15:48,225][INFO ][com.leocool.sgland.Pay$LocalPay] [amount=3280, orderId=2017092219154887FCRU, regionId=10001, price=328, purchaseId=889, goodsName=3280宝石, userId=211]
[2017-09-22 19:15:51,368][INFO ][com.leocool.sgland.Pay$LocalPay] [amount=3280, orderId=20170922191551POGNY5, regionId=10001, price=328, purchaseId=890, goodsName=3280宝石, userId=211]
[2017-09-22 19:15:55,173][INFO ][com.leocool.sgland.Pay$LocalPay] [amount=6480, orderId=201709221915545JJV9C, regionId=10001, price=648, purchaseId=891, goodsName=6480宝石, userId=211]
[2017-09-22 19:15:59,151][INFO ][com.leocool.sgland.Pay$LocalPay] [amount=6480, orderId=20170922191558YTXK4G, regionId=10001, price=648, purchaseId=892, goodsName=6480宝石, userId=211]
[2017-09-26 15:16:31,120][INFO ][com.leocool.sgland.Pay$LocalPay] [amount=280, orderId=20170926151637WPWV15, regionId=10001, price=28, purchaseId=981, goodsName=白银月卡礼包, userId=214]
[2017-09-26 15:29:51,676][INFO ][com.leocool.sgland.Pay$LocalPay] [amount=680, orderId=20170926152957I2UO73, regionId=10001, price=68, purchaseId=984, goodsName=黄金月卡礼包, userId=214]
[2017-09-26 15:31:19,265][INFO ][com.leocool.sgland.Pay$LocalPay] [amount=60, orderId=20170926153125S4WBQ2, regionId=10001, price=6, purchaseId=985, goodsName=60宝石, userId=214]
[2017-09-26 15:31:46,585][INFO ][com.leocool.sgland.Pay$LocalPay] [amount=60, orderId=20170926153152XMJC8M, regionId=10001, price=6, purchaseId=986, goodsName=60宝石, userId=214]
[2017-09-26 15:34:14,472][INFO ][com.leocool.sgland.Pay$LocalPay] [amount=60, orderId=201709261534208VHWSC, regionId=10001, price=6, purchaseId=987, goodsName=60宝石, userId=214]
[2017-09-26 15:35:06,547][INFO ][com.leocool.sgland.Pay$LocalPay] [amount=60, orderId=20170926153512LX983P, regionId=10001, price=6, purchaseId=988, goodsName=60宝石, userId=214]
[2017-09-26 15:35:57,108][INFO ][com.leocool.sgland.Pay$LocalPay] [amount=60, orderId=20170926153603NWT9RM, regionId=10001, price=6, purchaseId=989, goodsName=60宝石, userId=214]
[2017-09-26 15:36:28,162][INFO ][com.leocool.sgland.Pay$LocalPay] [amount=300, orderId=201709261536346DNP8W, regionId=10001, price=30, purchaseId=990, goodsName=300宝石, userId=214]
[2017-09-26 15:37:04,221][INFO ][com.leocool.sgland.Pay$LocalPay] [amount=980, orderId=20170926153710LGI457, regionId=10001, price=98, purchaseId=991, goodsName=980宝石, userId=214]
[2017-09-26 15:37:14,755][INFO ][com.leocool.sgland.Pay$LocalPay] [amount=1980, orderId=20170926153720J2Y6RQ, regionId=10001, price=198, purchaseId=992, goodsName=1980宝石, userId=214]
[2017-09-26 15:37:20,587][INFO ][com.leocool.sgland.Pay$LocalPay] [amount=3280, orderId=201709261537264UGM1V, regionId=10001, price=328, purchaseId=993, goodsName=3280宝石, userId=214]
[2017-09-26 15:37:23,644][INFO ][com.leocool.sgland.Pay$LocalPay] [amount=6480, orderId=20170926153729G84QU4, regionId=10001, price=648, purchaseId=994, goodsName=6480宝石, userId=214]
[2017-09-26 15:44:04,189][INFO ][com.leocool.sgland.Pay$LocalPay] [amount=60, orderId=20170926154410GY66YL, regionId=10001, price=6, purchaseId=995, goodsName=60宝石, userId=216]
[2017-09-26 15:44:53,580][INFO ][com.leocool.sgland.Pay$LocalPay] [amount=6480, orderId=20170926154459UCBUHY, regionId=10001, price=648, purchaseId=996, goodsName=6480宝石, userId=216]
[2017-09-26 16:24:25,729][INFO ][com.leocool.sgland.Pay$LocalPay] [amount=6480, orderId=20170926162431OZ8BCA, regionId=10001, price=648, purchaseId=1003, goodsName=6480宝石, userId=217]
[2017-09-26 16:27:07,705][INFO ][com.leocool.sgland.Pay$LocalPay] [amount=60, orderId=20170926162713347Q33, regionId=10002, price=6, purchaseId=1004, goodsName=60宝石, userId=210]
[2017-09-26 16:27:11,268][INFO ][com.leocool.sgland.Pay$LocalPay] [amount=6480, orderId=20170926162717JX5FO1, regionId=10002, price=648, purchaseId=1005, goodsName=6480宝石, userId=210]
[2017-09-26 16:45:40,172][INFO ][com.leocool.sgland.Pay$LocalPay] [amount=6480, orderId=2017092616454653INH2, regionId=10001, price=648, purchaseId=1007, goodsName=6480宝石, userId=217]
[2017-09-26 16:45:49,103][INFO ][com.leocool.sgland.Pay$LocalPay] [amount=6480, orderId=20170926164555H3RVTE, regionId=10001, price=648, purchaseId=1008, goodsName=6480宝石, userId=217]
[2017-09-26 17:41:31,616][INFO ][com.leocool.sgland.Pay$LocalPay] [amount=6480, orderId=20170926174137M4M56H, regionId=10001, price=648, purchaseId=1012, goodsName=6480宝石, userId=216]
[2017-09-26 17:41:33,899][INFO ][com.leocool.sgland.Pay$LocalPay] [amount=6480, orderId=20170926174139PAXUZW, regionId=10001, price=648, purchaseId=1013, goodsName=6480宝石, userId=216]
[2017-09-26 17:45:29,857][INFO ][com.leocool.sgland.Pay$LocalPay] [amount=6480, orderId=201709261745352J4XZT, regionId=10001, price=648, purchaseId=1014, goodsName=6480宝石, userId=216]
[2017-09-26 17:45:31,772][INFO ][com.leocool.sgland.Pay$LocalPay] [amount=6480, orderId=20170926174537VIUI73, regionId=10001, price=648, purchaseId=1015, goodsName=6480宝石, userId=216]
[2017-09-26 17:45:32,948][INFO ][com.leocool.sgland.Pay$LocalPay] [amount=6480, orderId=20170926174538GP38UM, regionId=10001, price=648, purchaseId=1016, goodsName=6480宝石, userId=216]
[2017-09-26 17:45:33,645][INFO ][com.leocool.sgland.Pay$LocalPay] [amount=6480, orderId=20170926174539ZDNLWA, regionId=10001, price=648, purchaseId=1017, goodsName=6480宝石, userId=216]
[2017-09-26 17:45:35,203][INFO ][com.leocool.sgland.Pay$LocalPay] [amount=6480, orderId=20170926174541XI9Q8L, regionId=10001, price=648, purchaseId=1018, goodsName=6480宝石, userId=216]
[2017-09-26 17:45:35,767][INFO ][com.leocool.sgland.Pay$LocalPay] [amount=6480, orderId=20170926174541RF968W, regionId=10001, price=648, purchaseId=1019, goodsName=6480宝石, userId=216]
[2017-09-26 17:45:36,215][INFO ][com.leocool.sgland.Pay$LocalPay] [amount=6480, orderId=201709261745428NDX4J, regionId=10001, price=648, purchaseId=1020, goodsName=6480宝石, userId=216]
[2017-09-26 17:45:36,841][INFO ][com.leocool.sgland.Pay$LocalPay] [amount=6480, orderId=20170926174542HZMBOX, regionId=10001, price=648, purchaseId=1021, goodsName=6480宝石, userId=216]
[2017-09-26 17:45:37,206][INFO ][com.leocool.sgland.Pay$LocalPay] [amount=6480, orderId=20170926174543845EEX, regionId=10001, price=648, purchaseId=1022, goodsName=6480宝石, userId=216]
[2017-09-26 17:51:19,857][INFO ][com.leocool.sgland.Pay$LocalPay] [amount=6480, orderId=20170926175125SYVVD6, regionId=10001, price=648, purchaseId=1023, goodsName=6480宝石, userId=216]
[2017-09-26 17:51:22,125][INFO ][com.leocool.sgland.Pay$LocalPay] [amount=6480, orderId=201709261751284F3JMY, regionId=10001, price=648, purchaseId=1024, goodsName=6480宝石, userId=216]
[2017-09-26 17:54:13,942][INFO ][com.leocool.sgland.Pay$LocalPay] [amount=6480, orderId=20170926175419NBBGW3, regionId=10001, price=648, purchaseId=1025, goodsName=6480宝石, userId=216]
[2017-09-26 17:54:16,007][INFO ][com.leocool.sgland.Pay$LocalPay] [amount=6480, orderId=201709261754214YH5QX, regionId=10001, price=648, purchaseId=1026, goodsName=6480宝石, userId=216]
[2017-09-26 17:54:16,207][INFO ][com.leocool.sgland.Pay$LocalPay] [amount=6480, orderId=2017092617542235K5ZL, regionId=10001, price=648, purchaseId=1027, goodsName=6480宝石, userId=216]
[2017-09-26 17:54:16,396][INFO ][com.leocool.sgland.Pay$LocalPay] [amount=6480, orderId=20170926175422RFAUEV, regionId=10001, price=648, purchaseId=1028, goodsName=6480宝石, userId=216]
[2017-09-26 17:54:16,580][INFO ][com.leocool.sgland.Pay$LocalPay] [amount=6480, orderId=2017092617542249NEII, regionId=10001, price=648, purchaseId=1029, goodsName=6480宝石, userId=216]
[2017-09-26 18:23:16,401][INFO ][com.leocool.sgland.Pay$LocalPay] [amount=6480, orderId=20170926182322JQ31UY, regionId=10001, price=648, purchaseId=1030, goodsName=6480宝石, userId=216]
[2017-09-26 18:23:16,857][INFO ][com.leocool.sgland.Pay$LocalPay] [amount=6480, orderId=20170926182322FRXOO4, regionId=10001, price=648, purchaseId=1031, goodsName=6480宝石, userId=216]
[2017-09-26 18:23:17,093][INFO ][com.leocool.sgland.Pay$LocalPay] [amount=6480, orderId=20170926182322WMMAGA, regionId=10001, price=648, purchaseId=1032, goodsName=6480宝石, userId=216]
[2017-09-26 18:23:17,373][INFO ][com.leocool.sgland.Pay$LocalPay] [amount=6480, orderId=20170926182323Z4GNXR, regionId=10001, price=648, purchaseId=1033, goodsName=6480宝石, userId=216]
[2017-09-26 18:23:17,599][INFO ][com.leocool.sgland.Pay$LocalPay] [amount=6480, orderId=201709261823231XKND6, regionId=10001, price=648, purchaseId=1034, goodsName=6480宝石, userId=216]
[2017-09-26 18:23:19,274][INFO ][com.leocool.sgland.Pay$LocalPay] [amount=6480, orderId=20170926182325PDNL83, regionId=10001, price=648, purchaseId=1035, goodsName=6480宝石, userId=216]
[2017-09-26 18:23:19,445][INFO ][com.leocool.sgland.Pay$LocalPay] [amount=6480, orderId=20170926182325M4R6KV, regionId=10001, price=648, purchaseId=1036, goodsName=6480宝石, userId=216]
[2017-09-26 18:23:19,613][INFO ][com.leocool.sgland.Pay$LocalPay] [amount=6480, orderId=20170926182325E5C5ZQ, regionId=10001, price=648, purchaseId=1037, goodsName=6480宝石, userId=216]
[2017-09-26 18:23:19,782][INFO ][com.leocool.sgland.Pay$LocalPay] [amount=6480, orderId=201709261823253KZ9YD, regionId=10001, price=648, purchaseId=1038, goodsName=6480宝石, userId=216]
[2017-09-26 18:23:19,976][INFO ][com.leocool.sgland.Pay$LocalPay] [amount=6480, orderId=20170926182325EKFFDV, regionId=10001, price=648, purchaseId=1039, goodsName=6480宝石, userId=216]
[2017-09-26 18:23:20,124][INFO ][com.leocool.sgland.Pay$LocalPay] [amount=6480, orderId=20170926182326S4N8H5, regionId=10001, price=648, purchaseId=1040, goodsName=6480宝石, userId=216]
[2017-09-26 18:23:20,295][INFO ][com.leocool.sgland.Pay$LocalPay] [amount=6480, orderId=20170926182326JC9R7V, regionId=10001, price=648, purchaseId=1041, goodsName=6480宝石, userId=216]
[2017-09-26 18:23:20,451][INFO ][com.leocool.sgland.Pay$LocalPay] [amount=6480, orderId=20170926182326NDH2ME, regionId=10001, price=648, purchaseId=1042, goodsName=6480宝石, userId=216]
[2017-09-26 18:23:20,631][INFO ][com.leocool.sgland.Pay$LocalPay] [amount=6480, orderId=20170926182326UMN7NW, regionId=10001, price=648, purchaseId=1043, goodsName=6480宝石, userId=216]
[2017-09-26 18:23:22,348][INFO ][com.leocool.sgland.Pay$LocalPay] [amount=6480, orderId=20170926182328ELZMHM, regionId=10001, price=648, purchaseId=1044, goodsName=6480宝石, userId=216]
[2017-09-26 18:23:22,530][INFO ][com.leocool.sgland.Pay$LocalPay] [amount=6480, orderId=20170926182328NN46A9, regionId=10001, price=648, purchaseId=1045, goodsName=6480宝石, userId=216]
[2017-09-26 18:23:22,712][INFO ][com.leocool.sgland.Pay$LocalPay] [amount=6480, orderId=20170926182328T4BULN, regionId=10001, price=648, purchaseId=1046, goodsName=6480宝石, userId=216]
[2017-09-26 18:23:22,870][INFO ][com.leocool.sgland.Pay$LocalPay] [amount=6480, orderId=201709261823289NJOQV, regionId=10001, price=648, purchaseId=1047, goodsName=6480宝石, userId=216]
[2017-09-26 18:23:23,044][INFO ][com.leocool.sgland.Pay$LocalPay] [amount=6480, orderId=201709261823284FDOHR, regionId=10001, price=648, purchaseId=1048, goodsName=6480宝石, userId=216]
[2017-09-26 18:23:23,213][INFO ][com.leocool.sgland.Pay$LocalPay] [amount=6480, orderId=20170926182329USCE2B, regionId=10001, price=648, purchaseId=1049, goodsName=6480宝石, userId=216]
[2017-09-26 18:23:23,388][INFO ][com.leocool.sgland.Pay$LocalPay] [amount=6480, orderId=20170926182329R6389F, regionId=10001, price=648, purchaseId=1050, goodsName=6480宝石, userId=216]
[2017-09-26 18:23:23,575][INFO ][com.leocool.sgland.Pay$LocalPay] [amount=6480, orderId=201709261823296RF746, regionId=10001, price=648, purchaseId=1051, goodsName=6480宝石, userId=216]
[2017-09-26 18:23:23,702][INFO ][com.leocool.sgland.Pay$LocalPay] [amount=6480, orderId=20170926182329CJIQJA, regionId=10001, price=648, purchaseId=1052, goodsName=6480宝石, userId=216]
[2017-09-26 18:23:23,845][INFO ][com.leocool.sgland.Pay$LocalPay] [amount=6480, orderId=201709261823293W2PSE, regionId=10001, price=648, purchaseId=1053, goodsName=6480宝石, userId=216]
[2017-09-26 18:23:24,031][INFO ][com.leocool.sgland.Pay$LocalPay] [amount=6480, orderId=20170926182329GIEON6, regionId=10001, price=648, purchaseId=1054, goodsName=6480宝石, userId=216]
[2017-09-26 18:23:24,241][INFO ][com.leocool.sgland.Pay$LocalPay] [amount=6480, orderId=20170926182330PKWZQ7, regionId=10001, price=648, purchaseId=1055, goodsName=6480宝石, userId=216]
[2017-09-26 18:23:25,812][INFO ][com.leocool.sgland.Pay$LocalPay] [amount=6480, orderId=20170926182331G8EUPW, regionId=10001, price=648, purchaseId=1056, goodsName=6480宝石, userId=216]
[2017-09-26 18:23:25,979][INFO ][com.leocool.sgland.Pay$LocalPay] [amount=6480, orderId=201709261823317LDL9G, regionId=10001, price=648, purchaseId=1057, goodsName=6480宝石, userId=216]
[2017-09-26 18:23:26,180][INFO ][com.leocool.sgland.Pay$LocalPay] [amount=6480, orderId=201709261823326SGLI4, regionId=10001, price=648, purchaseId=1058, goodsName=6480宝石, userId=216]
[2017-09-26 18:23:26,412][INFO ][com.leocool.sgland.Pay$LocalPay] [amount=6480, orderId=20170926182332CYRGPR, regionId=10001, price=648, purchaseId=1059, goodsName=6480宝石, userId=216]
[2017-09-26 18:23:26,889][INFO ][com.leocool.sgland.Pay$LocalPay] [amount=6480, orderId=20170926182332EMPTGW, regionId=10001, price=648, purchaseId=1060, goodsName=6480宝石, userId=216]
[2017-09-26 18:23:27,073][INFO ][com.leocool.sgland.Pay$LocalPay] [amount=6480, orderId=20170926182332FQPOZ1, regionId=10001, price=648, purchaseId=1061, goodsName=6480宝石, userId=216]
[2017-09-26 18:23:27,595][INFO ][com.leocool.sgland.Pay$LocalPay] [amount=6480, orderId=20170926182333LHMGSS, regionId=10001, price=648, purchaseId=1062, goodsName=6480宝石, userId=216]
[2017-09-26 18:23:27,940][INFO ][com.leocool.sgland.Pay$LocalPay] [amount=6480, orderId=20170926182333B1AFBK, regionId=10001, price=648, purchaseId=1063, goodsName=6480宝石, userId=216]
[2017-09-26 18:23:28,118][INFO ][com.leocool.sgland.Pay$LocalPay] [amount=6480, orderId=20170926182334EWKA6P, regionId=10001, price=648, purchaseId=1064, goodsName=6480宝石, userId=216]
[2017-09-26 18:23:28,303][INFO ][com.leocool.sgland.Pay$LocalPay] [amount=6480, orderId=20170926182334U96BCI, regionId=10001, price=648, purchaseId=1065, goodsName=6480宝石, userId=216]
[2017-09-26 18:23:28,485][INFO ][com.leocool.sgland.Pay$LocalPay] [amount=6480, orderId=20170926182334W65KMQ, regionId=10001, price=648, purchaseId=1066, goodsName=6480宝石, userId=216]
[2017-09-26 18:23:28,662][INFO ][com.leocool.sgland.Pay$LocalPay] [amount=6480, orderId=201709261823342UDU71, regionId=10001, price=648, purchaseId=1067, goodsName=6480宝石, userId=216]
[2017-09-26 18:23:28,834][INFO ][com.leocool.sgland.Pay$LocalPay] [amount=6480, orderId=20170926182334YF69O1, regionId=10001, price=648, purchaseId=1068, goodsName=6480宝石, userId=216]
[2017-09-26 18:23:29,012][INFO ][com.leocool.sgland.Pay$LocalPay] [amount=6480, orderId=201709261823341C5IYA, regionId=10001, price=648, purchaseId=1069, goodsName=6480宝石, userId=216]
[2017-09-26 18:23:29,223][INFO ][com.leocool.sgland.Pay$LocalPay] [amount=6480, orderId=20170926182335GJS4KO, regionId=10001, price=648, purchaseId=1070, goodsName=6480宝石, userId=216]
[2017-09-26 18:23:29,414][INFO ][com.leocool.sgland.Pay$LocalPay] [amount=6480, orderId=20170926182335L81E6Y, regionId=10001, price=648, purchaseId=1071, goodsName=6480宝石, userId=216]
[2017-09-26 18:23:29,601][INFO ][com.leocool.sgland.Pay$LocalPay] [amount=6480, orderId=20170926182335KE5EFM, regionId=10001, price=648, purchaseId=1072, goodsName=6480宝石, userId=216]
[2017-09-26 18:23:29,773][INFO ][com.leocool.sgland.Pay$LocalPay] [amount=6480, orderId=20170926182335F6YD6I, regionId=10001, price=648, purchaseId=1073, goodsName=6480宝石, userId=216]
[2017-09-26 18:23:29,987][INFO ][com.leocool.sgland.Pay$LocalPay] [amount=6480, orderId=20170926182335SMCXGW, regionId=10001, price=648, purchaseId=1074, goodsName=6480宝石, userId=216]
[2017-09-26 18:23:30,389][INFO ][com.leocool.sgland.Pay$LocalPay] [amount=6480, orderId=20170926182336YB2FCD, regionId=10001, price=648, purchaseId=1075, goodsName=6480宝石, userId=216]
[2017-09-26 18:23:30,649][INFO ][com.leocool.sgland.Pay$LocalPay] [amount=6480, orderId=20170926182336BMVBCT, regionId=10001, price=648, purchaseId=1076, goodsName=6480宝石, userId=216]
[2017-09-26 18:23:30,834][INFO ][com.leocool.sgland.Pay$LocalPay] [amount=6480, orderId=20170926182336NG9VGG, regionId=10001, price=648, purchaseId=1077, goodsName=6480宝石, userId=216]
[2017-09-26 18:23:31,033][INFO ][com.leocool.sgland.Pay$LocalPay] [amount=6480, orderId=20170926182336LN2A48, regionId=10001, price=648, purchaseId=1078, goodsName=6480宝石, userId=216]
[2017-09-26 18:23:31,254][INFO ][com.leocool.sgland.Pay$LocalPay] [amount=6480, orderId=201709261823372VPVQM, regionId=10001, price=648, purchaseId=1079, goodsName=6480宝石, userId=216]
[2017-09-26 18:23:31,437][INFO ][com.leocool.sgland.Pay$LocalPay] [amount=6480, orderId=20170926182337NKIQON, regionId=10001, price=648, purchaseId=1080, goodsName=6480宝石, userId=216]
[2017-09-26 18:23:31,631][INFO ][com.leocool.sgland.Pay$LocalPay] [amount=6480, orderId=20170926182337HFFV52, regionId=10001, price=648, purchaseId=1081, goodsName=6480宝石, userId=216]
[2017-09-30 10:02:17,629][INFO ][com.leocool.sgland.Pay$LocalPay] [ext=10001_1200_212_6480, amount=6480, orderId=20170930100146K4OD76, regionId=10001, price=648, purchaseId=1200, goodsName=6480宝石, userId=212]
[2017-09-30 11:22:48,336][INFO ][com.leocool.sgland.Pay$LocalPay] [ext=10001_1201_212_6480, amount=6480, orderId=20170930112217RAFQH3, regionId=10001, price=648, purchaseId=1201, goodsName=6480宝石, userId=212]
[2017-09-30 11:22:51,448][INFO ][com.leocool.sgland.Pay$LocalPay] [ext=10001_1202_212_6480, amount=6480, orderId=20170930112220ZZAQZ9, regionId=10001, price=648, purchaseId=1202, goodsName=6480宝石, userId=212]
[2017-09-30 11:22:52,021][INFO ][com.leocool.sgland.Pay$LocalPay] [ext=10001_1203_212_6480, amount=6480, orderId=20170930112220VP9LPO, regionId=10001, price=648, purchaseId=1203, goodsName=6480宝石, userId=212]
[2017-09-30 11:22:52,235][INFO ][com.leocool.sgland.Pay$LocalPay] [ext=10001_1204_212_6480, amount=6480, orderId=20170930112221GH4MD8, regionId=10001, price=648, purchaseId=1204, goodsName=6480宝石, userId=212]
[2017-09-30 11:22:55,065][INFO ][com.leocool.sgland.Pay$LocalPay] [ext=10001_1205_212_6480, amount=6480, orderId=201709301122237FVPD6, regionId=10001, price=648, purchaseId=1205, goodsName=6480宝石, userId=212]
[2017-09-30 11:22:55,280][INFO ][com.leocool.sgland.Pay$LocalPay] [ext=10001_1206_212_6480, amount=6480, orderId=20170930112224USOKHX, regionId=10001, price=648, purchaseId=1206, goodsName=6480宝石, userId=212]
[2017-09-30 11:22:55,521][INFO ][com.leocool.sgland.Pay$LocalPay] [ext=10001_1207_212_6480, amount=6480, orderId=20170930112224CTOC4W, regionId=10001, price=648, purchaseId=1207, goodsName=6480宝石, userId=212]
[2017-09-30 11:22:55,702][INFO ][com.leocool.sgland.Pay$LocalPay] [ext=10001_1208_212_6480, amount=6480, orderId=20170930112224PF1BYN, regionId=10001, price=648, purchaseId=1208, goodsName=6480宝石, userId=212]
[2017-09-30 11:22:55,908][INFO ][com.leocool.sgland.Pay$LocalPay] [ext=10001_1209_212_6480, amount=6480, orderId=20170930112224T5CR9G, regionId=10001, price=648, purchaseId=1209, goodsName=6480宝石, userId=212]
[2017-09-30 11:22:57,813][INFO ][com.leocool.sgland.Pay$LocalPay] [ext=10001_1210_212_6480, amount=6480, orderId=20170930112226U99MY3, regionId=10001, price=648, purchaseId=1210, goodsName=6480宝石, userId=212]
[2017-09-30 11:22:58,031][INFO ][com.leocool.sgland.Pay$LocalPay] [ext=10001_1211_212_6480, amount=6480, orderId=20170930112226GT32DQ, regionId=10001, price=648, purchaseId=1211, goodsName=6480宝石, userId=212]
[2017-09-30 11:22:58,231][INFO ][com.leocool.sgland.Pay$LocalPay] [ext=10001_1212_212_6480, amount=6480, orderId=20170930112227IL4W3M, regionId=10001, price=648, purchaseId=1212, goodsName=6480宝石, userId=212]
[2017-09-30 11:22:58,442][INFO ][com.leocool.sgland.Pay$LocalPay] [ext=10001_1213_212_6480, amount=6480, orderId=20170930112227ZLQWF6, regionId=10001, price=648, purchaseId=1213, goodsName=6480宝石, userId=212]
[2017-09-30 11:22:58,638][INFO ][com.leocool.sgland.Pay$LocalPay] [ext=10001_1214_212_6480, amount=6480, orderId=20170930112227TGN2VK, regionId=10001, price=648, purchaseId=1214, goodsName=6480宝石, userId=212]
[2017-09-30 11:22:58,837][INFO ][com.leocool.sgland.Pay$LocalPay] [ext=10001_1215_212_6480, amount=6480, orderId=20170930112227O8VSXU, regionId=10001, price=648, purchaseId=1215, goodsName=6480宝石, userId=212]
[2017-09-30 11:22:59,035][INFO ][com.leocool.sgland.Pay$LocalPay] [ext=10001_1216_212_6480, amount=6480, orderId=20170930112227JVRD5D, regionId=10001, price=648, purchaseId=1216, goodsName=6480宝石, userId=212]
[2017-09-30 11:22:59,231][INFO ][com.leocool.sgland.Pay$LocalPay] [ext=10001_1217_212_6480, amount=6480, orderId=20170930112228CPOILS, regionId=10001, price=648, purchaseId=1217, goodsName=6480宝石, userId=212]
[2017-09-30 11:22:59,425][INFO ][com.leocool.sgland.Pay$LocalPay] [ext=10001_1218_212_6480, amount=6480, orderId=201709301122284QN8C3, regionId=10001, price=648, purchaseId=1218, goodsName=6480宝石, userId=212]
[2017-09-30 11:23:02,253][INFO ][com.leocool.sgland.Pay$LocalPay] [ext=10001_1219_212_6480, amount=6480, orderId=20170930112231TQ4PQ4, regionId=10001, price=648, purchaseId=1219, goodsName=6480宝石, userId=212]
[2017-09-30 11:23:03,028][INFO ][com.leocool.sgland.Pay$LocalPay] [ext=10001_1220_212_6480, amount=6480, orderId=20170930112231RFFK18, regionId=10001, price=648, purchaseId=1220, goodsName=6480宝石, userId=212]
[2017-09-30 11:23:03,599][INFO ][com.leocool.sgland.Pay$LocalPay] [ext=10001_1221_212_6480, amount=6480, orderId=20170930112232F8APH6, regionId=10001, price=648, purchaseId=1221, goodsName=6480宝石, userId=212]
[2017-09-30 11:23:03,846][INFO ][com.leocool.sgland.Pay$LocalPay] [ext=10001_1222_212_6480, amount=6480, orderId=20170930112232CHVNQQ, regionId=10001, price=648, purchaseId=1222, goodsName=6480宝石, userId=212]
[2017-09-30 11:23:04,047][INFO ][com.leocool.sgland.Pay$LocalPay] [ext=10001_1223_212_6480, amount=6480, orderId=20170930112232DGY2QI, regionId=10001, price=648, purchaseId=1223, goodsName=6480宝石, userId=212]
[2017-09-30 11:23:04,250][INFO ][com.leocool.sgland.Pay$LocalPay] [ext=10001_1224_212_6480, amount=6480, orderId=20170930112233G6AI1B, regionId=10001, price=648, purchaseId=1224, goodsName=6480宝石, userId=212]
[2017-09-30 11:23:04,451][INFO ][com.leocool.sgland.Pay$LocalPay] [ext=10001_1225_212_6480, amount=6480, orderId=20170930112233IYBDQ7, regionId=10001, price=648, purchaseId=1225, goodsName=6480宝石, userId=212]
[2017-09-30 11:23:04,645][INFO ][com.leocool.sgland.Pay$LocalPay] [ext=10001_1226_212_6480, amount=6480, orderId=2017093011223397BNQD, regionId=10001, price=648, purchaseId=1226, goodsName=6480宝石, userId=212]
[2017-09-30 11:23:04,848][INFO ][com.leocool.sgland.Pay$LocalPay] [ext=10001_1227_212_6480, amount=6480, orderId=20170930112233CRAX7D, regionId=10001, price=648, purchaseId=1227, goodsName=6480宝石, userId=212]
[2017-09-30 11:23:05,058][INFO ][com.leocool.sgland.Pay$LocalPay] [ext=10001_1228_212_6480, amount=6480, orderId=20170930112233PE1OCK, regionId=10001, price=648, purchaseId=1228, goodsName=6480宝石, userId=212]
[2017-09-30 11:23:05,283][INFO ][com.leocool.sgland.Pay$LocalPay] [ext=10001_1229_212_6480, amount=6480, orderId=20170930112234NM8TAQ, regionId=10001, price=648, purchaseId=1229, goodsName=6480宝石, userId=212]
[2017-09-30 11:23:05,500][INFO ][com.leocool.sgland.Pay$LocalPay] [ext=10001_1230_212_6480, amount=6480, orderId=20170930112234972AOE, regionId=10001, price=648, purchaseId=1230, goodsName=6480宝石, userId=212]
[2017-09-30 11:23:07,772][INFO ][com.leocool.sgland.Pay$LocalPay] [ext=10001_1231_212_6480, amount=6480, orderId=20170930112236V6G8AA, regionId=10001, price=648, purchaseId=1231, goodsName=6480宝石, userId=212]
[2017-09-30 11:23:08,021][INFO ][com.leocool.sgland.Pay$LocalPay] [ext=10001_1232_212_6480, amount=6480, orderId=20170930112236RHRKYY, regionId=10001, price=648, purchaseId=1232, goodsName=6480宝石, userId=212]
[2017-09-30 11:23:08,268][INFO ][com.leocool.sgland.Pay$LocalPay] [ext=10001_1233_212_6480, amount=6480, orderId=20170930112237QJBWYO, regionId=10001, price=648, purchaseId=1233, goodsName=6480宝石, userId=212]
[2017-09-30 11:23:08,475][INFO ][com.leocool.sgland.Pay$LocalPay] [ext=10001_1234_212_6480, amount=6480, orderId=20170930112237XNIMGT, regionId=10001, price=648, purchaseId=1234, goodsName=6480宝石, userId=212]
[2017-09-30 11:23:08,681][INFO ][com.leocool.sgland.Pay$LocalPay] [ext=10001_1235_212_6480, amount=6480, orderId=201709301122374YRW8U, regionId=10001, price=648, purchaseId=1235, goodsName=6480宝石, userId=212]
[2017-09-30 11:23:09,075][INFO ][com.leocool.sgland.Pay$LocalPay] [ext=10001_1236_212_6480, amount=6480, orderId=20170930112237V7TM7S, regionId=10001, price=648, purchaseId=1236, goodsName=6480宝石, userId=212]
[2017-09-30 11:23:09,271][INFO ][com.leocool.sgland.Pay$LocalPay] [ext=10001_1237_212_6480, amount=6480, orderId=20170930112238PTP7EB, regionId=10001, price=648, purchaseId=1237, goodsName=6480宝石, userId=212]
[2017-09-30 11:23:09,471][INFO ][com.leocool.sgland.Pay$LocalPay] [ext=10001_1238_212_6480, amount=6480, orderId=20170930112238MFWD7Q, regionId=10001, price=648, purchaseId=1238, goodsName=6480宝石, userId=212]
[2017-09-30 11:23:09,660][INFO ][com.leocool.sgland.Pay$LocalPay] [ext=10001_1239_212_6480, amount=6480, orderId=20170930112238AWNNUV, regionId=10001, price=648, purchaseId=1239, goodsName=6480宝石, userId=212]
[2017-09-30 11:23:09,840][INFO ][com.leocool.sgland.Pay$LocalPay] [ext=10001_1240_212_6480, amount=6480, orderId=20170930112238ELVXG5, regionId=10001, price=648, purchaseId=1240, goodsName=6480宝石, userId=212]
[2017-09-30 11:23:10,041][INFO ][com.leocool.sgland.Pay$LocalPay] [ext=10001_1241_212_6480, amount=6480, orderId=20170930112238FKXDGW, regionId=10001, price=648, purchaseId=1241, goodsName=6480宝石, userId=212]
[2017-09-30 11:23:10,234][INFO ][com.leocool.sgland.Pay$LocalPay] [ext=10001_1242_212_6480, amount=6480, orderId=20170930112239ZBFMS2, regionId=10001, price=648, purchaseId=1242, goodsName=6480宝石, userId=212]
[2017-09-30 11:23:10,420][INFO ][com.leocool.sgland.Pay$LocalPay] [ext=10001_1243_212_6480, amount=6480, orderId=20170930112239MZ7HQ3, regionId=10001, price=648, purchaseId=1243, goodsName=6480宝石, userId=212]
[2017-09-30 11:23:10,583][INFO ][com.leocool.sgland.Pay$LocalPay] [ext=10001_1244_212_6480, amount=6480, orderId=201709301122393IQWH8, regionId=10001, price=648, purchaseId=1244, goodsName=6480宝石, userId=212]
[2017-09-30 11:23:10,981][INFO ][com.leocool.sgland.Pay$LocalPay] [ext=10001_1245_212_6480, amount=6480, orderId=20170930112239UIS27A, regionId=10001, price=648, purchaseId=1245, goodsName=6480宝石, userId=212]
[2017-09-30 11:23:11,177][INFO ][com.leocool.sgland.Pay$LocalPay] [ext=10001_1246_212_6480, amount=6480, orderId=20170930112240RYM24W, regionId=10001, price=648, purchaseId=1246, goodsName=6480宝石, userId=212]
[2017-09-30 11:23:11,402][INFO ][com.leocool.sgland.Pay$LocalPay] [ext=10001_1247_212_6480, amount=6480, orderId=20170930112240JUNCAU, regionId=10001, price=648, purchaseId=1247, goodsName=6480宝石, userId=212]
[2017-09-30 11:23:11,616][INFO ][com.leocool.sgland.Pay$LocalPay] [ext=10001_1248_212_6480, amount=6480, orderId=201709301122405FHSOI, regionId=10001, price=648, purchaseId=1248, goodsName=6480宝石, userId=212]
[2017-09-30 11:23:11,798][INFO ][com.leocool.sgland.Pay$LocalPay] [ext=10001_1249_212_6480, amount=6480, orderId=20170930112240FFVX21, regionId=10001, price=648, purchaseId=1249, goodsName=6480宝石, userId=212]
[2017-09-30 11:23:11,985][INFO ][com.leocool.sgland.Pay$LocalPay] [ext=10001_1250_212_6480, amount=6480, orderId=20170930112240VRHX8T, regionId=10001, price=648, purchaseId=1250, goodsName=6480宝石, userId=212]
[2017-09-30 11:23:12,169][INFO ][com.leocool.sgland.Pay$LocalPay] [ext=10001_1251_212_6480, amount=6480, orderId=201709301122419DTX2K, regionId=10001, price=648, purchaseId=1251, goodsName=6480宝石, userId=212]
[2017-09-30 11:23:12,574][INFO ][com.leocool.sgland.Pay$LocalPay] [ext=10001_1252_212_6480, amount=6480, orderId=201709301122419OXRUD, regionId=10001, price=648, purchaseId=1252, goodsName=6480宝石, userId=212]
[2017-09-30 11:23:12,733][INFO ][com.leocool.sgland.Pay$LocalPay] [ext=10001_1253_212_6480, amount=6480, orderId=20170930112241RTI7Q9, regionId=10001, price=648, purchaseId=1253, goodsName=6480宝石, userId=212]
[2017-09-30 11:23:12,944][INFO ][com.leocool.sgland.Pay$LocalPay] [ext=10001_1254_212_6480, amount=6480, orderId=20170930112241697DMK, regionId=10001, price=648, purchaseId=1254, goodsName=6480宝石, userId=212]
[2017-09-30 11:23:13,150][INFO ][com.leocool.sgland.Pay$LocalPay] [ext=10001_1255_212_6480, amount=6480, orderId=20170930112242BRH8NG, regionId=10001, price=648, purchaseId=1255, goodsName=6480宝石, userId=212]
[2017-09-30 11:23:13,717][INFO ][com.leocool.sgland.Pay$LocalPay] [ext=10001_1256_212_6480, amount=6480, orderId=20170930112242WM2RJI, regionId=10001, price=648, purchaseId=1256, goodsName=6480宝石, userId=212]
[2017-09-30 11:23:13,911][INFO ][com.leocool.sgland.Pay$LocalPay] [ext=10001_1257_212_6480, amount=6480, orderId=20170930112242PGYWZW, regionId=10001, price=648, purchaseId=1257, goodsName=6480宝石, userId=212]
[2017-09-30 11:23:14,147][INFO ][com.leocool.sgland.Pay$LocalPay] [ext=10001_1258_212_6480, amount=6480, orderId=201709301122433XR8KP, regionId=10001, price=648, purchaseId=1258, goodsName=6480宝石, userId=212]
[2017-09-30 11:23:14,365][INFO ][com.leocool.sgland.Pay$LocalPay] [ext=10001_1259_212_6480, amount=6480, orderId=20170930112243UTRJRN, regionId=10001, price=648, purchaseId=1259, goodsName=6480宝石, userId=212]
[2017-09-30 11:23:14,596][INFO ][com.leocool.sgland.Pay$LocalPay] [ext=10001_1260_212_6480, amount=6480, orderId=2017093011224316FLT3, regionId=10001, price=648, purchaseId=1260, goodsName=6480宝石, userId=212]
[2017-09-30 11:23:17,150][INFO ][com.leocool.sgland.Pay$LocalPay] [ext=10001_1261_212_6480, amount=6480, orderId=20170930112246T8KQDO, regionId=10001, price=648, purchaseId=1261, goodsName=6480宝石, userId=212]
[2017-09-30 11:23:17,679][INFO ][com.leocool.sgland.Pay$LocalPay] [ext=10001_1262_212_6480, amount=6480, orderId=20170930112246WDKPQ8, regionId=10001, price=648, purchaseId=1262, goodsName=6480宝石, userId=212]
[2017-09-30 11:23:17,927][INFO ][com.leocool.sgland.Pay$LocalPay] [ext=10001_1263_212_6480, amount=6480, orderId=20170930112246UHTG51, regionId=10001, price=648, purchaseId=1263, goodsName=6480宝石, userId=212]
[2017-09-30 11:23:18,169][INFO ][com.leocool.sgland.Pay$LocalPay] [ext=10001_1264_212_6480, amount=6480, orderId=20170930112247HTZ3K8, regionId=10001, price=648, purchaseId=1264, goodsName=6480宝石, userId=212]
[2017-09-30 11:23:18,433][INFO ][com.leocool.sgland.Pay$LocalPay] [ext=10001_1265_212_6480, amount=6480, orderId=20170930112247M3E4HE, regionId=10001, price=648, purchaseId=1265, goodsName=6480宝石, userId=212]
[2017-09-30 11:23:18,636][INFO ][com.leocool.sgland.Pay$LocalPay] [ext=10001_1266_212_6480, amount=6480, orderId=201709301122471I3ACP, regionId=10001, price=648, purchaseId=1266, goodsName=6480宝石, userId=212]
[2017-09-30 11:23:18,830][INFO ][com.leocool.sgland.Pay$LocalPay] [ext=10001_1267_212_6480, amount=6480, orderId=20170930112247SJ2Z3Z, regionId=10001, price=648, purchaseId=1267, goodsName=6480宝石, userId=212]
[2017-09-30 11:23:19,048][INFO ][com.leocool.sgland.Pay$LocalPay] [ext=10001_1268_212_6480, amount=6480, orderId=20170930112247IOSAXV, regionId=10001, price=648, purchaseId=1268, goodsName=6480宝石, userId=212]
[2017-09-30 11:23:19,263][INFO ][com.leocool.sgland.Pay$LocalPay] [ext=10001_1269_212_6480, amount=6480, orderId=201709301122483GOBLG, regionId=10001, price=648, purchaseId=1269, goodsName=6480宝石, userId=212]
[2017-09-30 11:23:19,458][INFO ][com.leocool.sgland.Pay$LocalPay] [ext=10001_1270_212_6480, amount=6480, orderId=20170930112248VALG2U, regionId=10001, price=648, purchaseId=1270, goodsName=6480宝石, userId=212]
[2017-09-30 11:23:19,620][INFO ][com.leocool.sgland.Pay$LocalPay] [ext=10001_1271_212_6480, amount=6480, orderId=2017093011224888XFPU, regionId=10001, price=648, purchaseId=1271, goodsName=6480宝石, userId=212]
[2017-09-30 11:23:19,801][INFO ][com.leocool.sgland.Pay$LocalPay] [ext=10001_1272_212_6480, amount=6480, orderId=20170930112248K2BZTH, regionId=10001, price=648, purchaseId=1272, goodsName=6480宝石, userId=212]
[2017-09-30 11:23:19,963][INFO ][com.leocool.sgland.Pay$LocalPay] [ext=10001_1273_212_6480, amount=6480, orderId=201709301122482CTUAR, regionId=10001, price=648, purchaseId=1273, goodsName=6480宝石, userId=212]
[2017-09-30 11:23:20,146][INFO ][com.leocool.sgland.Pay$LocalPay] [ext=10001_1274_212_6480, amount=6480, orderId=20170930112249ALYYC9, regionId=10001, price=648, purchaseId=1274, goodsName=6480宝石, userId=212]
[2017-09-30 11:23:20,317][INFO ][com.leocool.sgland.Pay$LocalPay] [ext=10001_1275_212_6480, amount=6480, orderId=201709301122495DSX45, regionId=10001, price=648, purchaseId=1275, goodsName=6480宝石, userId=212]
[2017-09-30 11:23:20,662][INFO ][com.leocool.sgland.Pay$LocalPay] [ext=10001_1276_212_6480, amount=6480, orderId=20170930112249VPFCC1, regionId=10001, price=648, purchaseId=1276, goodsName=6480宝石, userId=212]
[2017-09-30 11:23:20,845][INFO ][com.leocool.sgland.Pay$LocalPay] [ext=10001_1277_212_6480, amount=6480, orderId=201709301122494YKGEJ, regionId=10001, price=648, purchaseId=1277, goodsName=6480宝石, userId=212]
[2017-09-30 11:23:21,045][INFO ][com.leocool.sgland.Pay$LocalPay] [ext=10001_1278_212_6480, amount=6480, orderId=201709301122497PWWPC, regionId=10001, price=648, purchaseId=1278, goodsName=6480宝石, userId=212]
[2017-09-30 11:23:21,235][INFO ][com.leocool.sgland.Pay$LocalPay] [ext=10001_1279_212_6480, amount=6480, orderId=20170930112250QNFQBC, regionId=10001, price=648, purchaseId=1279, goodsName=6480宝石, userId=212]
[2017-09-30 11:23:21,629][INFO ][com.leocool.sgland.Pay$LocalPay] [ext=10001_1280_212_6480, amount=6480, orderId=20170930112250DCA295, regionId=10001, price=648, purchaseId=1280, goodsName=6480宝石, userId=212]
[2017-09-30 11:23:21,796][INFO ][com.leocool.sgland.Pay$LocalPay] [ext=10001_1281_212_6480, amount=6480, orderId=201709301122502RW68R, regionId=10001, price=648, purchaseId=1281, goodsName=6480宝石, userId=212]
[2017-09-30 11:23:21,986][INFO ][com.leocool.sgland.Pay$LocalPay] [ext=10001_1282_212_6480, amount=6480, orderId=20170930112250MOQMGO, regionId=10001, price=648, purchaseId=1282, goodsName=6480宝石, userId=212]
[2017-09-30 11:23:22,196][INFO ][com.leocool.sgland.Pay$LocalPay] [ext=10001_1283_212_6480, amount=6480, orderId=20170930112251Z556P3, regionId=10001, price=648, purchaseId=1283, goodsName=6480宝石, userId=212]
[2017-09-30 11:23:22,385][INFO ][com.leocool.sgland.Pay$LocalPay] [ext=10001_1284_212_6480, amount=6480, orderId=20170930112251J8Z77V, regionId=10001, price=648, purchaseId=1284, goodsName=6480宝石, userId=212]
[2017-09-30 11:23:22,555][INFO ][com.leocool.sgland.Pay$LocalPay] [ext=10001_1285_212_6480, amount=6480, orderId=20170930112251AGLQWM, regionId=10001, price=648, purchaseId=1285, goodsName=6480宝石, userId=212]
[2017-09-30 11:23:22,736][INFO ][com.leocool.sgland.Pay$LocalPay] [ext=10001_1286_212_6480, amount=6480, orderId=20170930112251KH1VA6, regionId=10001, price=648, purchaseId=1286, goodsName=6480宝石, userId=212]
[2017-09-30 11:23:22,929][INFO ][com.leocool.sgland.Pay$LocalPay] [ext=10001_1287_212_6480, amount=6480, orderId=20170930112251ARPLPF, regionId=10001, price=648, purchaseId=1287, goodsName=6480宝石, userId=212]
[2017-09-30 11:23:23,123][INFO ][com.leocool.sgland.Pay$LocalPay] [ext=10001_1288_212_6480, amount=6480, orderId=20170930112252X9GVDK, regionId=10001, price=648, purchaseId=1288, goodsName=6480宝石, userId=212]
[2017-09-30 11:23:23,305][INFO ][com.leocool.sgland.Pay$LocalPay] [ext=10001_1289_212_6480, amount=6480, orderId=2017093011225293UGH8, regionId=10001, price=648, purchaseId=1289, goodsName=6480宝石, userId=212]
[2017-09-30 11:23:23,519][INFO ][com.leocool.sgland.Pay$LocalPay] [ext=10001_1290_212_6480, amount=6480, orderId=20170930112252MJ8ZRL, regionId=10001, price=648, purchaseId=1290, goodsName=6480宝石, userId=212]
[2017-09-30 11:23:23,717][INFO ][com.leocool.sgland.Pay$LocalPay] [ext=10001_1291_212_6480, amount=6480, orderId=20170930112252MPC119, regionId=10001, price=648, purchaseId=1291, goodsName=6480宝石, userId=212]
[2017-09-30 11:23:23,883][INFO ][com.leocool.sgland.Pay$LocalPay] [ext=10001_1292_212_6480, amount=6480, orderId=20170930112252C4AQLS, regionId=10001, price=648, purchaseId=1292, goodsName=6480宝石, userId=212]
[2017-09-30 11:23:24,099][INFO ][com.leocool.sgland.Pay$LocalPay] [ext=10001_1293_212_6480, amount=6480, orderId=20170930112253VWU6NG, regionId=10001, price=648, purchaseId=1293, goodsName=6480宝石, userId=212]
[2017-09-30 11:23:24,286][INFO ][com.leocool.sgland.Pay$LocalPay] [ext=10001_1294_212_6480, amount=6480, orderId=20170930112253C9G6T8, regionId=10001, price=648, purchaseId=1294, goodsName=6480宝石, userId=212]
[2017-09-30 11:23:24,472][INFO ][com.leocool.sgland.Pay$LocalPay] [ext=10001_1295_212_6480, amount=6480, orderId=20170930112253MAVB7Q, regionId=10001, price=648, purchaseId=1295, goodsName=6480宝石, userId=212]
[2017-09-30 11:23:24,668][INFO ][com.leocool.sgland.Pay$LocalPay] [ext=10001_1296_212_6480, amount=6480, orderId=20170930112253KIOPUI, regionId=10001, price=648, purchaseId=1296, goodsName=6480宝石, userId=212]
[2017-09-30 11:23:24,851][INFO ][com.leocool.sgland.Pay$LocalPay] [ext=10001_1297_212_6480, amount=6480, orderId=20170930112253UI4U81, regionId=10001, price=648, purchaseId=1297, goodsName=6480宝石, userId=212]
[2017-09-30 11:23:25,001][INFO ][com.leocool.sgland.Pay$LocalPay] [ext=10001_1298_212_6480, amount=6480, orderId=20170930112253S1S4ZI, regionId=10001, price=648, purchaseId=1298, goodsName=6480宝石, userId=212]
[2017-09-30 11:23:25,569][INFO ][com.leocool.sgland.Pay$LocalPay] [ext=10001_1299_212_6480, amount=6480, orderId=20170930112254HRYU2D, regionId=10001, price=648, purchaseId=1299, goodsName=6480宝石, userId=212]
[2017-09-30 11:23:25,746][INFO ][com.leocool.sgland.Pay$LocalPay] [ext=10001_1300_212_6480, amount=6480, orderId=20170930112254MAUXSU, regionId=10001, price=648, purchaseId=1300, goodsName=6480宝石, userId=212]
[2017-09-30 11:23:25,935][INFO ][com.leocool.sgland.Pay$LocalPay] [ext=10001_1301_212_6480, amount=6480, orderId=201709301122546EPYAM, regionId=10001, price=648, purchaseId=1301, goodsName=6480宝石, userId=212]
[2017-09-30 11:23:26,139][INFO ][com.leocool.sgland.Pay$LocalPay] [ext=10001_1302_212_6480, amount=6480, orderId=2017093011225586QTZJ, regionId=10001, price=648, purchaseId=1302, goodsName=6480宝石, userId=212]
[2017-09-30 11:23:26,332][INFO ][com.leocool.sgland.Pay$LocalPay] [ext=10001_1303_212_6480, amount=6480, orderId=20170930112255WGGIES, regionId=10001, price=648, purchaseId=1303, goodsName=6480宝石, userId=212]
[2017-09-30 11:23:26,496][INFO ][com.leocool.sgland.Pay$LocalPay] [ext=10001_1304_212_6480, amount=6480, orderId=20170930112255JA6SW7, regionId=10001, price=648, purchaseId=1304, goodsName=6480宝石, userId=212]
[2017-09-30 11:23:26,697][INFO ][com.leocool.sgland.Pay$LocalPay] [ext=10001_1305_212_6480, amount=6480, orderId=20170930112255GOBEFQ, regionId=10001, price=648, purchaseId=1305, goodsName=6480宝石, userId=212]
[2017-09-30 11:23:26,881][INFO ][com.leocool.sgland.Pay$LocalPay] [ext=10001_1306_212_6480, amount=6480, orderId=20170930112255SHOYJD, regionId=10001, price=648, purchaseId=1306, goodsName=6480宝石, userId=212]
[2017-09-30 11:23:27,056][INFO ][com.leocool.sgland.Pay$LocalPay] [ext=10001_1307_212_6480, amount=6480, orderId=20170930112255TLPS3I, regionId=10001, price=648, purchaseId=1307, goodsName=6480宝石, userId=212]
[2017-09-30 11:23:27,241][INFO ][com.leocool.sgland.Pay$LocalPay] [ext=10001_1308_212_6480, amount=6480, orderId=20170930112256Z3WIFW, regionId=10001, price=648, purchaseId=1308, goodsName=6480宝石, userId=212]
[2017-09-30 11:23:27,451][INFO ][com.leocool.sgland.Pay$LocalPay] [ext=10001_1309_212_6480, amount=6480, orderId=20170930112256EC9HFE, regionId=10001, price=648, purchaseId=1309, goodsName=6480宝石, userId=212]
[2017-09-30 11:23:27,641][INFO ][com.leocool.sgland.Pay$LocalPay] [ext=10001_1310_212_6480, amount=6480, orderId=201709301122565K9SFK, regionId=10001, price=648, purchaseId=1310, goodsName=6480宝石, userId=212]
[2017-09-30 11:23:27,810][INFO ][com.leocool.sgland.Pay$LocalPay] [ext=10001_1311_212_6480, amount=6480, orderId=20170930112256VSUC5C, regionId=10001, price=648, purchaseId=1311, goodsName=6480宝石, userId=212]
[2017-09-30 11:23:28,000][INFO ][com.leocool.sgland.Pay$LocalPay] [ext=10001_1312_212_6480, amount=6480, orderId=20170930112256IIN73D, regionId=10001, price=648, purchaseId=1312, goodsName=6480宝石, userId=212]
[2017-09-30 11:23:28,174][INFO ][com.leocool.sgland.Pay$LocalPay] [ext=10001_1313_212_6480, amount=6480, orderId=20170930112257BHIR44, regionId=10001, price=648, purchaseId=1313, goodsName=6480宝石, userId=212]
[2017-09-30 11:23:28,359][INFO ][com.leocool.sgland.Pay$LocalPay] [ext=10001_1314_212_6480, amount=6480, orderId=20170930112257QVT6OZ, regionId=10001, price=648, purchaseId=1314, goodsName=6480宝石, userId=212]
[2017-09-30 11:23:28,570][INFO ][com.leocool.sgland.Pay$LocalPay] [ext=10001_1315_212_6480, amount=6480, orderId=2017093011225773GRAF, regionId=10001, price=648, purchaseId=1315, goodsName=6480宝石, userId=212]
[2017-09-30 11:23:28,754][INFO ][com.leocool.sgland.Pay$LocalPay] [ext=10001_1316_212_6480, amount=6480, orderId=20170930112257H4VWNX, regionId=10001, price=648, purchaseId=1316, goodsName=6480宝石, userId=212]
[2017-09-30 11:23:29,287][INFO ][com.leocool.sgland.Pay$LocalPay] [ext=10001_1317_212_6480, amount=6480, orderId=20170930112258RE15IT, regionId=10001, price=648, purchaseId=1317, goodsName=6480宝石, userId=212]
[2017-09-30 11:23:29,637][INFO ][com.leocool.sgland.Pay$LocalPay] [ext=10001_1318_212_6480, amount=6480, orderId=20170930112258NBVYTU, regionId=10001, price=648, purchaseId=1318, goodsName=6480宝石, userId=212]
[2017-09-30 11:23:29,901][INFO ][com.leocool.sgland.Pay$LocalPay] [ext=10001_1319_212_6480, amount=6480, orderId=20170930112258AJ46OP, regionId=10001, price=648, purchaseId=1319, goodsName=6480宝石, userId=212]
[2017-09-30 11:23:30,211][INFO ][com.leocool.sgland.Pay$LocalPay] [ext=10001_1320_212_6480, amount=6480, orderId=20170930112259MS3TUB, regionId=10001, price=648, purchaseId=1320, goodsName=6480宝石, userId=212]
[2017-09-30 11:23:30,399][INFO ][com.leocool.sgland.Pay$LocalPay] [ext=10001_1321_212_6480, amount=6480, orderId=20170930112259ZJRZKU, regionId=10001, price=648, purchaseId=1321, goodsName=6480宝石, userId=212]
[2017-09-30 11:23:33,217][INFO ][com.leocool.sgland.Pay$LocalPay] [ext=10001_1322_212_6480, amount=6480, orderId=20170930112302EUUQEE, regionId=10001, price=648, purchaseId=1322, goodsName=6480宝石, userId=212]
[2017-09-30 11:23:33,972][INFO ][com.leocool.sgland.Pay$LocalPay] [ext=10001_1323_212_6480, amount=6480, orderId=20170930112302HZBV14, regionId=10001, price=648, purchaseId=1323, goodsName=6480宝石, userId=212]
[2017-09-30 11:23:34,261][INFO ][com.leocool.sgland.Pay$LocalPay] [ext=10001_1324_212_6480, amount=6480, orderId=201709301123033BN9LG, regionId=10001, price=648, purchaseId=1324, goodsName=6480宝石, userId=212]
[2017-09-30 11:23:34,535][INFO ][com.leocool.sgland.Pay$LocalPay] [ext=10001_1325_212_6480, amount=6480, orderId=20170930112303UWRPNN, regionId=10001, price=648, purchaseId=1325, goodsName=6480宝石, userId=212]
[2017-09-30 11:23:34,771][INFO ][com.leocool.sgland.Pay$LocalPay] [ext=10001_1326_212_6480, amount=6480, orderId=20170930112303FJPCQU, regionId=10001, price=648, purchaseId=1326, goodsName=6480宝石, userId=212]
[2017-09-30 11:23:35,018][INFO ][com.leocool.sgland.Pay$LocalPay] [ext=10001_1327_212_6480, amount=6480, orderId=201709301123037G4E87, regionId=10001, price=648, purchaseId=1327, goodsName=6480宝石, userId=212]
[2017-09-30 11:23:35,259][INFO ][com.leocool.sgland.Pay$LocalPay] [ext=10001_1328_212_6480, amount=6480, orderId=20170930112304WE8U4M, regionId=10001, price=648, purchaseId=1328, goodsName=6480宝石, userId=212]
[2017-09-30 11:23:35,519][INFO ][com.leocool.sgland.Pay$LocalPay] [ext=10001_1329_212_6480, amount=6480, orderId=2017093011230467UC3X, regionId=10001, price=648, purchaseId=1329, goodsName=6480宝石, userId=212]
[2017-09-30 11:23:35,763][INFO ][com.leocool.sgland.Pay$LocalPay] [ext=10001_1330_212_6480, amount=6480, orderId=201709301123041P681I, regionId=10001, price=648, purchaseId=1330, goodsName=6480宝石, userId=212]
[2017-09-30 11:23:35,990][INFO ][com.leocool.sgland.Pay$LocalPay] [ext=10001_1331_212_6480, amount=6480, orderId=20170930112304ZQCTPS, regionId=10001, price=648, purchaseId=1331, goodsName=6480宝石, userId=212]
[2017-09-30 11:23:36,227][INFO ][com.leocool.sgland.Pay$LocalPay] [ext=10001_1332_212_6480, amount=6480, orderId=20170930112305FT1ZRU, regionId=10001, price=648, purchaseId=1332, goodsName=6480宝石, userId=212]
[2017-09-30 11:23:36,436][INFO ][com.leocool.sgland.Pay$LocalPay] [ext=10001_1333_212_6480, amount=6480, orderId=20170930112305QOIPK1, regionId=10001, price=648, purchaseId=1333, goodsName=6480宝石, userId=212]
[2017-09-30 11:23:36,634][INFO ][com.leocool.sgland.Pay$LocalPay] [ext=10001_1334_212_6480, amount=6480, orderId=20170930112305N3NB4K, regionId=10001, price=648, purchaseId=1334, goodsName=6480宝石, userId=212]
[2017-09-30 11:23:36,813][INFO ][com.leocool.sgland.Pay$LocalPay] [ext=10001_1335_212_6480, amount=6480, orderId=20170930112305TJUZFX, regionId=10001, price=648, purchaseId=1335, goodsName=6480宝石, userId=212]
[2017-09-30 11:23:37,052][INFO ][com.leocool.sgland.Pay$LocalPay] [ext=10001_1336_212_6480, amount=6480, orderId=20170930112305E6RLI5, regionId=10001, price=648, purchaseId=1336, goodsName=6480宝石, userId=212]
[2017-09-30 11:23:37,300][INFO ][com.leocool.sgland.Pay$LocalPay] [ext=10001_1337_212_6480, amount=6480, orderId=201709301123068PSWVS, regionId=10001, price=648, purchaseId=1337, goodsName=6480宝石, userId=212]
[2017-09-30 11:23:37,512][INFO ][com.leocool.sgland.Pay$LocalPay] [ext=10001_1338_212_6480, amount=6480, orderId=20170930112306PVR424, regionId=10001, price=648, purchaseId=1338, goodsName=6480宝石, userId=212]
[2017-09-30 11:23:37,706][INFO ][com.leocool.sgland.Pay$LocalPay] [ext=10001_1339_212_6480, amount=6480, orderId=20170930112306DDIEQA, regionId=10001, price=648, purchaseId=1339, goodsName=6480宝石, userId=212]
[2017-09-30 11:23:37,897][INFO ][com.leocool.sgland.Pay$LocalPay] [ext=10001_1340_212_6480, amount=6480, orderId=201709301123061V9OFF, regionId=10001, price=648, purchaseId=1340, goodsName=6480宝石, userId=212]
[2017-09-30 11:23:38,075][INFO ][com.leocool.sgland.Pay$LocalPay] [ext=10001_1341_212_6480, amount=6480, orderId=201709301123067CFDQS, regionId=10001, price=648, purchaseId=1341, goodsName=6480宝石, userId=212]
[2017-09-30 11:23:38,262][INFO ][com.leocool.sgland.Pay$LocalPay] [ext=10001_1342_212_6480, amount=6480, orderId=20170930112307KXRDLK, regionId=10001, price=648, purchaseId=1342, goodsName=6480宝石, userId=212]
[2017-09-30 11:23:38,420][INFO ][com.leocool.sgland.Pay$LocalPay] [ext=10001_1343_212_6480, amount=6480, orderId=20170930112307T5TBXK, regionId=10001, price=648, purchaseId=1343, goodsName=6480宝石, userId=212]
[2017-09-30 11:23:38,653][INFO ][com.leocool.sgland.Pay$LocalPay] [ext=10001_1344_212_6480, amount=6480, orderId=201709301123076TN8S9, regionId=10001, price=648, purchaseId=1344, goodsName=6480宝石, userId=212]
[2017-09-30 11:23:38,768][INFO ][com.leocool.sgland.Pay$LocalPay] [ext=10001_1345_212_6480, amount=6480, orderId=20170930112307P1O58K, regionId=10001, price=648, purchaseId=1345, goodsName=6480宝石, userId=212]
[2017-09-30 11:23:38,921][INFO ][com.leocool.sgland.Pay$LocalPay] [ext=10001_1346_212_6480, amount=6480, orderId=20170930112307VMTA4C, regionId=10001, price=648, purchaseId=1346, goodsName=6480宝石, userId=212]
[2017-09-30 11:23:39,098][INFO ][com.leocool.sgland.Pay$LocalPay] [ext=10001_1347_212_6480, amount=6480, orderId=20170930112307WRT4NG, regionId=10001, price=648, purchaseId=1347, goodsName=6480宝石, userId=212]
[2017-09-30 11:23:39,280][INFO ][com.leocool.sgland.Pay$LocalPay] [ext=10001_1348_212_6480, amount=6480, orderId=2017093011230841Z9PY, regionId=10001, price=648, purchaseId=1348, goodsName=6480宝石, userId=212]
[2017-09-30 11:23:39,445][INFO ][com.leocool.sgland.Pay$LocalPay] [ext=10001_1349_212_6480, amount=6480, orderId=20170930112308RNOXXH, regionId=10001, price=648, purchaseId=1349, goodsName=6480宝石, userId=212]
[2017-09-30 11:23:39,633][INFO ][com.leocool.sgland.Pay$LocalPay] [ext=10001_1350_212_6480, amount=6480, orderId=201709301123088ZAX49, regionId=10001, price=648, purchaseId=1350, goodsName=6480宝石, userId=212]
[2017-09-30 11:23:39,798][INFO ][com.leocool.sgland.Pay$LocalPay] [ext=10001_1351_212_6480, amount=6480, orderId=20170930112308R4Q8BN, regionId=10001, price=648, purchaseId=1351, goodsName=6480宝石, userId=212]
[2017-09-30 11:23:39,956][INFO ][com.leocool.sgland.Pay$LocalPay] [ext=10001_1352_212_6480, amount=6480, orderId=201709301123085U1MPR, regionId=10001, price=648, purchaseId=1352, goodsName=6480宝石, userId=212]
[2017-09-30 11:23:40,170][INFO ][com.leocool.sgland.Pay$LocalPay] [ext=10001_1353_212_6480, amount=6480, orderId=20170930112309IBF7Z6, regionId=10001, price=648, purchaseId=1353, goodsName=6480宝石, userId=212]
[2017-09-30 11:23:40,309][INFO ][com.leocool.sgland.Pay$LocalPay] [ext=10001_1354_212_6480, amount=6480, orderId=2017093011230955RP75, regionId=10001, price=648, purchaseId=1354, goodsName=6480宝石, userId=212]
[2017-09-30 11:23:40,473][INFO ][com.leocool.sgland.Pay$LocalPay] [ext=10001_1355_212_6480, amount=6480, orderId=20170930112309SRGFFN, regionId=10001, price=648, purchaseId=1355, goodsName=6480宝石, userId=212]
[2017-09-30 11:23:40,685][INFO ][com.leocool.sgland.Pay$LocalPay] [ext=10001_1356_212_6480, amount=6480, orderId=20170930112309AR2FR7, regionId=10001, price=648, purchaseId=1356, goodsName=6480宝石, userId=212]
[2017-09-30 11:23:40,801][INFO ][com.leocool.sgland.Pay$LocalPay] [ext=10001_1357_212_6480, amount=6480, orderId=20170930112309U5FI2A, regionId=10001, price=648, purchaseId=1357, goodsName=6480宝石, userId=212]
[2017-09-30 11:23:40,981][INFO ][com.leocool.sgland.Pay$LocalPay] [ext=10001_1358_212_6480, amount=6480, orderId=201709301123092EKN4S, regionId=10001, price=648, purchaseId=1358, goodsName=6480宝石, userId=212]
[2017-09-30 11:23:41,132][INFO ][com.leocool.sgland.Pay$LocalPay] [ext=10001_1359_212_6480, amount=6480, orderId=20170930112310Y4BH66, regionId=10001, price=648, purchaseId=1359, goodsName=6480宝石, userId=212]
[2017-09-30 11:23:41,293][INFO ][com.leocool.sgland.Pay$LocalPay] [ext=10001_1360_212_6480, amount=6480, orderId=20170930112310I7RQCJ, regionId=10001, price=648, purchaseId=1360, goodsName=6480宝石, userId=212]
[2017-09-30 11:23:41,465][INFO ][com.leocool.sgland.Pay$LocalPay] [ext=10001_1361_212_6480, amount=6480, orderId=20170930112310AEOVN7, regionId=10001, price=648, purchaseId=1361, goodsName=6480宝石, userId=212]
[2017-09-30 11:23:41,639][INFO ][com.leocool.sgland.Pay$LocalPay] [ext=10001_1362_212_6480, amount=6480, orderId=20170930112310AIPP7B, regionId=10001, price=648, purchaseId=1362, goodsName=6480宝石, userId=212]
[2017-09-30 11:23:41,814][INFO ][com.leocool.sgland.Pay$LocalPay] [ext=10001_1363_212_6480, amount=6480, orderId=20170930112310AOFY5K, regionId=10001, price=648, purchaseId=1363, goodsName=6480宝石, userId=212]
[2017-09-30 11:23:41,989][INFO ][com.leocool.sgland.Pay$LocalPay] [ext=10001_1364_212_6480, amount=6480, orderId=201709301123109ZGEXK, regionId=10001, price=648, purchaseId=1364, goodsName=6480宝石, userId=212]
[2017-09-30 11:23:42,147][INFO ][com.leocool.sgland.Pay$LocalPay] [ext=10001_1365_212_6480, amount=6480, orderId=20170930112311GEKXKG, regionId=10001, price=648, purchaseId=1365, goodsName=6480宝石, userId=212]
[2017-09-30 11:23:42,317][INFO ][com.leocool.sgland.Pay$LocalPay] [ext=10001_1366_212_6480, amount=6480, orderId=20170930112311AEFIK8, regionId=10001, price=648, purchaseId=1366, goodsName=6480宝石, userId=212]
[2017-09-30 11:23:42,513][INFO ][com.leocool.sgland.Pay$LocalPay] [ext=10001_1367_212_6480, amount=6480, orderId=2017093011231148DN2M, regionId=10001, price=648, purchaseId=1367, goodsName=6480宝石, userId=212]
[2017-09-30 11:23:42,664][INFO ][com.leocool.sgland.Pay$LocalPay] [ext=10001_1368_212_6480, amount=6480, orderId=201709301123114HBW54, regionId=10001, price=648, purchaseId=1368, goodsName=6480宝石, userId=212]
[2017-09-30 11:23:42,861][INFO ][com.leocool.sgland.Pay$LocalPay] [ext=10001_1369_212_6480, amount=6480, orderId=20170930112311Y47HCM, regionId=10001, price=648, purchaseId=1369, goodsName=6480宝石, userId=212]
[2017-09-30 11:23:43,019][INFO ][com.leocool.sgland.Pay$LocalPay] [ext=10001_1370_212_6480, amount=6480, orderId=20170930112311B3JGZN, regionId=10001, price=648, purchaseId=1370, goodsName=6480宝石, userId=212]
[2017-09-30 11:23:43,179][INFO ][com.leocool.sgland.Pay$LocalPay] [ext=10001_1371_212_6480, amount=6480, orderId=20170930112312OTTUER, regionId=10001, price=648, purchaseId=1371, goodsName=6480宝石, userId=212]
[2017-09-30 11:23:43,372][INFO ][com.leocool.sgland.Pay$LocalPay] [ext=10001_1372_212_6480, amount=6480, orderId=20170930112312E4IKT1, regionId=10001, price=648, purchaseId=1372, goodsName=6480宝石, userId=212]
[2017-09-30 11:23:43,564][INFO ][com.leocool.sgland.Pay$LocalPay] [ext=10001_1373_212_6480, amount=6480, orderId=20170930112312YUZT66, regionId=10001, price=648, purchaseId=1373, goodsName=6480宝石, userId=212]
[2017-09-30 11:23:43,753][INFO ][com.leocool.sgland.Pay$LocalPay] [ext=10001_1374_212_6480, amount=6480, orderId=20170930112312KJRO47, regionId=10001, price=648, purchaseId=1374, goodsName=6480宝石, userId=212]
[2017-09-30 11:23:43,880][INFO ][com.leocool.sgland.Pay$LocalPay] [ext=10001_1375_212_6480, amount=6480, orderId=20170930112312LXODR2, regionId=10001, price=648, purchaseId=1375, goodsName=6480宝石, userId=212]
[2017-09-30 11:23:44,083][INFO ][com.leocool.sgland.Pay$LocalPay] [ext=10001_1376_212_6480, amount=6480, orderId=20170930112312OION83, regionId=10001, price=648, purchaseId=1376, goodsName=6480宝石, userId=212]
[2017-09-30 11:23:44,242][INFO ][com.leocool.sgland.Pay$LocalPay] [ext=10001_1377_212_6480, amount=6480, orderId=2017093011231339Y2M7, regionId=10001, price=648, purchaseId=1377, goodsName=6480宝石, userId=212]
[2017-09-30 11:23:44,432][INFO ][com.leocool.sgland.Pay$LocalPay] [ext=10001_1378_212_6480, amount=6480, orderId=20170930112313JMK2SY, regionId=10001, price=648, purchaseId=1378, goodsName=6480宝石, userId=212]
[2017-09-30 11:23:44,617][INFO ][com.leocool.sgland.Pay$LocalPay] [ext=10001_1379_212_6480, amount=6480, orderId=20170930112313ZY62XQ, regionId=10001, price=648, purchaseId=1379, goodsName=6480宝石, userId=212]
[2017-09-30 11:23:44,796][INFO ][com.leocool.sgland.Pay$LocalPay] [ext=10001_1380_212_6480, amount=6480, orderId=201709301123134NECJ1, regionId=10001, price=648, purchaseId=1380, goodsName=6480宝石, userId=212]
[2017-09-30 11:23:45,109][INFO ][com.leocool.sgland.Pay$LocalPay] [ext=10001_1381_212_6480, amount=6480, orderId=20170930112314IHAT7U, regionId=10001, price=648, purchaseId=1381, goodsName=6480宝石, userId=212]
[2017-09-30 11:23:45,301][INFO ][com.leocool.sgland.Pay$LocalPay] [ext=10001_1382_212_6480, amount=6480, orderId=20170930112314573O5V, regionId=10001, price=648, purchaseId=1382, goodsName=6480宝石, userId=212]
[2017-09-30 11:23:45,479][INFO ][com.leocool.sgland.Pay$LocalPay] [ext=10001_1383_212_6480, amount=6480, orderId=20170930112314742YE5, regionId=10001, price=648, purchaseId=1383, goodsName=6480宝石, userId=212]
[2017-09-30 11:23:45,665][INFO ][com.leocool.sgland.Pay$LocalPay] [ext=10001_1384_212_6480, amount=6480, orderId=20170930112314Q8WYVX, regionId=10001, price=648, purchaseId=1384, goodsName=6480宝石, userId=212]
[2017-09-30 11:23:45,836][INFO ][com.leocool.sgland.Pay$LocalPay] [ext=10001_1385_212_6480, amount=6480, orderId=20170930112314MSPEDX, regionId=10001, price=648, purchaseId=1385, goodsName=6480宝石, userId=212]
[2017-09-30 11:23:46,031][INFO ][com.leocool.sgland.Pay$LocalPay] [ext=10001_1386_212_6480, amount=6480, orderId=20170930112314DVDIIC, regionId=10001, price=648, purchaseId=1386, goodsName=6480宝石, userId=212]
[2017-09-30 11:23:46,213][INFO ][com.leocool.sgland.Pay$LocalPay] [ext=10001_1387_212_6480, amount=6480, orderId=20170930112315NVRNWU, regionId=10001, price=648, purchaseId=1387, goodsName=6480宝石, userId=212]
[2017-09-30 11:23:46,385][INFO ][com.leocool.sgland.Pay$LocalPay] [ext=10001_1388_212_6480, amount=6480, orderId=201709301123158R7CTC, regionId=10001, price=648, purchaseId=1388, goodsName=6480宝石, userId=212]
[2017-09-30 11:23:46,591][INFO ][com.leocool.sgland.Pay$LocalPay] [ext=10001_1389_212_6480, amount=6480, orderId=20170930112315N7WION, regionId=10001, price=648, purchaseId=1389, goodsName=6480宝石, userId=212]
[2017-09-30 11:23:46,709][INFO ][com.leocool.sgland.Pay$LocalPay] [ext=10001_1390_212_6480, amount=6480, orderId=20170930112315FHDB89, regionId=10001, price=648, purchaseId=1390, goodsName=6480宝石, userId=212]
[2017-09-30 11:23:46,889][INFO ][com.leocool.sgland.Pay$LocalPay] [ext=10001_1391_212_6480, amount=6480, orderId=20170930112315MYK1KM, regionId=10001, price=648, purchaseId=1391, goodsName=6480宝石, userId=212]
[2017-09-30 11:23:47,097][INFO ][com.leocool.sgland.Pay$LocalPay] [ext=10001_1392_212_6480, amount=6480, orderId=20170930112315SASACN, regionId=10001, price=648, purchaseId=1392, goodsName=6480宝石, userId=212]
[2017-09-30 11:40:51,748][INFO ][com.leocool.sgland.Pay$LocalPay] [ext=10001_1393_212_6480, amount=6480, orderId=20170930114020UATT4S, regionId=10001, price=648, purchaseId=1393, goodsName=6480宝石, userId=212]
[2017-09-30 11:40:55,435][INFO ][com.leocool.sgland.Pay$LocalPay] [ext=10001_1394_212_980, amount=980, orderId=201709301140246Z64PJ, regionId=10001, price=98, purchaseId=1394, goodsName=980宝石, userId=212]
[2017-09-30 11:41:03,033][INFO ][com.leocool.sgland.Pay$LocalPay] [ext=10001_1395_212_6480, amount=6480, orderId=20170930114031ZR11O3, regionId=10001, price=648, purchaseId=1395, goodsName=6480宝石, userId=212]
[2017-09-30 11:42:15,765][INFO ][com.leocool.sgland.Pay$LocalPay] [ext=10001_1396_212_60, amount=60, orderId=20170930114144PT9DHZ, regionId=10001, price=6, purchaseId=1396, goodsName=60宝石, userId=212]
[2017-09-30 11:42:23,095][INFO ][com.leocool.sgland.Pay$LocalPay] [ext=10001_1397_212_60, amount=60, orderId=2017093011415153Y7LB, regionId=10001, price=6, purchaseId=1397, goodsName=60宝石, userId=212]
[2017-09-30 11:55:55,721][INFO ][com.leocool.sgland.Pay$LocalPay] [ext=10001_1398_212_60, amount=60, orderId=20170930115524MLUFD7, regionId=10001, price=6, purchaseId=1398, goodsName=60宝石, userId=212]
[2017-09-30 11:55:57,906][INFO ][com.leocool.sgland.Pay$LocalPay] [ext=10001_1399_212_60, amount=60, orderId=20170930115526WDFBHR, regionId=10001, price=6, purchaseId=1399, goodsName=60宝石, userId=212]
[2017-10-12 11:18:07,369][INFO ][com.leocool.sgland.Pay$LocalPay] [ext=10001_1477_214_60, amount=60, orderId=20171012111809CITJL1, regionId=10001, price=6, purchaseId=1477, regionName=决斗城市(yhk), goodsName=60宝石, userId=214]
[2017-10-12 11:18:12,204][INFO ][com.leocool.sgland.Pay$LocalPay] [ext=10001_1478_214_6480, amount=6480, orderId=20171012111814PCYQNQ, regionId=10001, price=648, purchaseId=1478, regionName=决斗城市(yhk), goodsName=6480宝石, userId=214]
[2017-10-12 11:18:13,093][INFO ][com.leocool.sgland.Pay$LocalPay] [ext=10001_1479_214_6480, amount=6480, orderId=20171012111815BWV6B3, regionId=10001, price=648, purchaseId=1479, regionName=决斗城市(yhk), goodsName=6480宝石, userId=214]
[2017-10-12 11:18:14,113][INFO ][com.leocool.sgland.Pay$LocalPay] [ext=10001_1480_214_6480, amount=6480, orderId=20171012111816YJCHHM, regionId=10001, price=648, purchaseId=1480, regionName=决斗城市(yhk), goodsName=6480宝石, userId=214]
[2017-10-12 11:18:14,917][INFO ][com.leocool.sgland.Pay$LocalPay] [ext=10001_1481_214_6480, amount=6480, orderId=201710121118163FVRZL, regionId=10001, price=648, purchaseId=1481, regionName=决斗城市(yhk), goodsName=6480宝石, userId=214]
[2017-10-12 11:18:15,810][INFO ][com.leocool.sgland.Pay$LocalPay] [ext=10001_1482_214_6480, amount=6480, orderId=20171012111817N2IL22, regionId=10001, price=648, purchaseId=1482, regionName=决斗城市(yhk), goodsName=6480宝石, userId=214]
[2017-10-12 11:18:16,571][INFO ][com.leocool.sgland.Pay$LocalPay] [ext=10001_1483_214_6480, amount=6480, orderId=20171012111818XC4Z75, regionId=10001, price=648, purchaseId=1483, regionName=决斗城市(yhk), goodsName=6480宝石, userId=214]
[2017-10-12 11:18:17,147][INFO ][com.leocool.sgland.Pay$LocalPay] [ext=10001_1484_214_6480, amount=6480, orderId=20171012111819WTCU8K, regionId=10001, price=648, purchaseId=1484, regionName=决斗城市(yhk), goodsName=6480宝石, userId=214]
[2017-10-12 11:18:17,666][INFO ][com.leocool.sgland.Pay$LocalPay] [ext=10001_1485_214_6480, amount=6480, orderId=20171012111819EEKS68, regionId=10001, price=648, purchaseId=1485, regionName=决斗城市(yhk), goodsName=6480宝石, userId=214]
[2017-10-12 11:18:18,270][INFO ][com.leocool.sgland.Pay$LocalPay] [ext=10001_1486_214_6480, amount=6480, orderId=20171012111820LTA4RK, regionId=10001, price=648, purchaseId=1486, regionName=决斗城市(yhk), goodsName=6480宝石, userId=214]
[2017-10-12 11:18:19,579][INFO ][com.leocool.sgland.Pay$LocalPay] [ext=10001_1487_214_6480, amount=6480, orderId=20171012111821TY3DRC, regionId=10001, price=648, purchaseId=1487, regionName=决斗城市(yhk), goodsName=6480宝石, userId=214]
[2017-10-12 15:36:44,407][INFO ][com.leocool.sgland.Pay$LocalPay] [ext=10002_1460_236_60, amount=60, orderId=20171012153645XRWVHB, regionId=10002, price=6, purchaseId=1460, regionName=决斗城市(jht), goodsName=60宝石, userId=236]
[2017-10-12 15:36:48,730][INFO ][com.leocool.sgland.Pay$LocalPay] [ext=10002_1461_236_6480, amount=6480, orderId=201710121536503CGS7B, regionId=10002, price=648, purchaseId=1461, regionName=决斗城市(jht), goodsName=6480宝石, userId=236]
[2017-10-12 15:36:49,725][INFO ][com.leocool.sgland.Pay$LocalPay] [ext=10002_1462_236_6480, amount=6480, orderId=20171012153651X4F57M, regionId=10002, price=648, purchaseId=1462, regionName=决斗城市(jht), goodsName=6480宝石, userId=236]
[2017-10-12 15:36:50,435][INFO ][com.leocool.sgland.Pay$LocalPay] [ext=10002_1463_236_6480, amount=6480, orderId=201710121536518QMSUK, regionId=10002, price=648, purchaseId=1463, regionName=决斗城市(jht), goodsName=6480宝石, userId=236]
[2017-10-12 15:37:37,661][INFO ][com.leocool.sgland.Pay$LocalPay] [ext=10002_1464_236_6480, amount=6480, orderId=20171012153739NA2EN6, regionId=10002, price=648, purchaseId=1464, regionName=决斗城市(jht), goodsName=6480宝石, userId=236]
[2017-10-12 15:37:37,930][INFO ][com.leocool.sgland.Pay$LocalPay] [ext=10002_1465_236_6480, amount=6480, orderId=20171012153739QRVR5N, regionId=10002, price=648, purchaseId=1465, regionName=决斗城市(jht), goodsName=6480宝石, userId=236]
[2017-10-12 15:37:38,099][INFO ][com.leocool.sgland.Pay$LocalPay] [ext=10002_1466_236_6480, amount=6480, orderId=20171012153739BNBG25, regionId=10002, price=648, purchaseId=1466, regionName=决斗城市(jht), goodsName=6480宝石, userId=236]
[2017-10-12 15:37:38,277][INFO ][com.leocool.sgland.Pay$LocalPay] [ext=10002_1467_236_6480, amount=6480, orderId=20171012153739NGO16S, regionId=10002, price=648, purchaseId=1467, regionName=决斗城市(jht), goodsName=6480宝石, userId=236]
[2017-10-16 18:07:28,196][INFO ][com.leocool.sgland.Pay$sinaPay] sign error
[2017-10-16 18:07:28,206][ERROR][com.leocool.sgland.Server$IAPRequestHandler] java.lang.Exception: 校验失败
[2017-10-16 18:08:33,053][INFO ][com.leocool.sgland.Pay$sinaPay] sign error
[2017-10-16 18:08:33,063][ERROR][com.leocool.sgland.Server$IAPRequestHandler] java.lang.Exception: 校验失败
[2017-10-16 18:11:16,939][INFO ][com.leocool.sgland.Pay$sinaPay] [order_uid=3878515894, amount=1, pt=10001_1759_3623_60, actual_amount=1, source=2682085441, order_id=sng33F3036iTbZ1]
[2017-10-16 18:11:16,962][ERROR][com.leocool.sgland.Server$IAPRequestHandler] java.lang.Exception: SINA10001 is down
[2017-10-17 10:04:32,453][INFO ][com.leocool.sgland.Pay$sinaPay] [order_uid=3878515894, amount=1, pt=10001_1761_3623_60, actual_amount=1, source=2682085441, order_id=sng339BIttvV00O]
[2017-10-17 10:04:32,475][ERROR][com.leocool.sgland.Server$IAPRequestHandler] java.lang.Exception: SINA10001 is down
[2017-10-17 10:05:48,878][INFO ][com.leocool.sgland.Pay$sinaPay] order duplicate: sng339BIttvV00O
[2017-10-17 10:05:48,879][ERROR][com.leocool.sgland.Server$IAPRequestHandler] java.lang.Exception: 重复订单
[2017-10-17 10:06:42,431][INFO ][com.leocool.sgland.Pay$sinaPay] [order_uid=3878515894, amount=1, pt=10001_1761_3623_60, actual_amount=1, source=2682085441, order_id=sng339BIttvV00O]
[2017-10-17 10:06:42,456][ERROR][com.leocool.sgland.Server$IAPRequestHandler] java.lang.Exception: SINA10001 is down
